<?xml version="1.0" encoding="UTF-8"?>
<testsuite xmlns:xsi="http://www.w3.org/2001/XMLSchema-instance" xsi:noNamespaceSchemaLocation="https://maven.apache.org/surefire/maven-surefire-plugin/xsd/surefire-test-report-3.0.xsd" version="3.0" name="TestRunner.Run" time="35.296" tests="2" errors="0" skipped="0" failures="1">
  <properties>
[...]
</properties>
  <testcase name="runScenario[&quot;Search Customer by Name&quot;, &quot;Customers&quot;](1)" classname="TestRunner.Run" time="23.383">
    <system-out><![CDATA[Setup-Sanity method executed..
[DEBUG] Resolution chrome=104 in cache (valid until 17:09:39 15/08/2022 IST)
[DEBUG] Resolution chrome104=104.0.5112.79 in cache (valid until 19:28:26 15/08/2022 IST)
[INFO] Using chromedriver 104.0.5112.79 (resolved driver for Chrome 104)
[DEBUG] Driver chromedriver 104.0.5112.79 found in cache
[INFO] Exporting webdriver.chrome.driver as C:\Users\ankit\.cache\selenium\chromedriver\win32\104.0.5112.79\chromedriver.exe
[DEBUG] Using SLF4J as the default logging framework
[DEBUG] -Dio.netty.leakDetection.level: simple
[DEBUG] -Dio.netty.leakDetection.targetRecords: 4
[DEBUG] Loaded default ResourceLeakDetector: io.netty.util.ResourceLeakDetector@1823b9c4
[DEBUG] -Dio.netty.noUnsafe: false
[DEBUG] Java version: 17
[DEBUG] sun.misc.Unsafe.theUnsafe: available
[DEBUG] sun.misc.Unsafe.copyMemory: available
[DEBUG] sun.misc.Unsafe.storeFence: available
[DEBUG] java.nio.Buffer.address: available
[DEBUG] direct buffer constructor: unavailable: Reflective setAccessible(true) disabled
[DEBUG] java.nio.Bits.unaligned: available, true
[DEBUG] jdk.internal.misc.Unsafe.allocateUninitializedArray(int): unavailable: class io.netty.util.internal.PlatformDependent0$7 cannot access class jdk.internal.misc.Unsafe (in module java.base) because module java.base does not export jdk.internal.misc to unnamed module @2133814f
[DEBUG] java.nio.DirectByteBuffer.<init>(long, int): unavailable
[DEBUG] sun.misc.Unsafe: available
[DEBUG] maxDirectMemory: 2111832064 bytes (maybe)
[DEBUG] -Dio.netty.tmpdir: C:\Users\ankit\AppData\Local\Temp (java.io.tmpdir)
[DEBUG] -Dio.netty.bitMode: 64 (sun.arch.data.model)
[DEBUG] Platform: Windows
[DEBUG] -Dio.netty.maxDirectMemory: -1 bytes
[DEBUG] -Dio.netty.uninitializedArrayAllocationThreshold: -1
[DEBUG] java.nio.ByteBuffer.cleaner(): available
[DEBUG] -Dio.netty.noPreferDirect: false
[DEBUG] org.jctools-core.MpscChunkedArrayQueue: available
[DEBUG] -Dio.netty.threadLocalMap.stringBuilder.initialSize: 1024
[DEBUG] -Dio.netty.threadLocalMap.stringBuilder.maxSize: 4096
[DEBUG] Default protocols (JDK): [TLSv1.3, TLSv1.2] 
[DEBUG] Default cipher suites (JDK): [TLS_ECDHE_ECDSA_WITH_AES_256_GCM_SHA384, TLS_ECDHE_ECDSA_WITH_AES_128_GCM_SHA256, TLS_ECDHE_RSA_WITH_AES_128_GCM_SHA256, TLS_ECDHE_RSA_WITH_AES_256_GCM_SHA384, TLS_ECDHE_RSA_WITH_AES_128_CBC_SHA, TLS_ECDHE_RSA_WITH_AES_256_CBC_SHA, TLS_RSA_WITH_AES_128_GCM_SHA256, TLS_RSA_WITH_AES_128_CBC_SHA, TLS_RSA_WITH_AES_256_CBC_SHA, TLS_AES_128_GCM_SHA256, TLS_AES_256_GCM_SHA384]
[DEBUG] -Dio.netty.eventLoopThreads: 8
[DEBUG] -Dio.netty.noKeySetOptimization: false
[DEBUG] -Dio.netty.selectorAutoRebuildThreshold: 512
[DEBUG] -Dio.netty.allocator.numHeapArenas: 8
[DEBUG] -Dio.netty.allocator.numDirectArenas: 8
[DEBUG] -Dio.netty.allocator.pageSize: 8192
[DEBUG] -Dio.netty.allocator.maxOrder: 9
[DEBUG] -Dio.netty.allocator.chunkSize: 4194304
[DEBUG] -Dio.netty.allocator.smallCacheSize: 256
[DEBUG] -Dio.netty.allocator.normalCacheSize: 64
[DEBUG] -Dio.netty.allocator.maxCachedBufferCapacity: 32768
[DEBUG] -Dio.netty.allocator.cacheTrimInterval: 8192
[DEBUG] -Dio.netty.allocator.cacheTrimIntervalMillis: 0
[DEBUG] -Dio.netty.allocator.useCacheForAllThreads: false
[DEBUG] -Dio.netty.allocator.maxCachedByteBuffersPerChunk: 1023
[DEBUG] -Dio.netty.allocator.type: pooled
[DEBUG] -Dio.netty.threadLocalDirectBufferSize: 0
[DEBUG] -Dio.netty.maxThreadLocalCharBufferSize: 16384
[DEBUG] -Dio.netty.processId: 5016 (auto-detected)
[DEBUG] -Djava.net.preferIPv4Stack: false
[DEBUG] -Djava.net.preferIPv6Addresses: false
[DEBUG] Loopback interface: lo (Software Loopback Interface 1, 127.0.0.1)
[DEBUG] Failed to get SOMAXCONN from sysctl and file \proc\sys\net\core\somaxconn. Default: 200
[DEBUG] -Dio.netty.machineId: 74:df:bf:ff:fe:5a:79:e7 (auto-detected)
[DEBUG] -Dio.netty.buffer.checkAccessible: true
[DEBUG] -Dio.netty.buffer.checkBounds: true
[DEBUG] Loaded default ResourceLeakDetector: io.netty.util.ResourceLeakDetector@600ed977
[DEBUG] Using new Channel '[id: 0x3bd57911, L:/127.0.0.1:62420 - R:localhost/127.0.0.1:60496]' for 'POST' to '/session'
[DEBUG] -Dio.netty.recycler.maxCapacityPerThread: 4096
[DEBUG] -Dio.netty.recycler.ratio: 8
[DEBUG] -Dio.netty.recycler.chunkSize: 32
[DEBUG] -Dio.netty.recycler.blocking: false
[DEBUG] brotli4j not in the classpath; Brotli support will be unavailable.
[DEBUG] 

Request DefaultHttpRequest(decodeResult: success, version: HTTP/1.1)
POST /session HTTP/1.1
User-Agent: selenium/4.2.1 (java windows)
Content-Length: 365
Content-Type: application/json; charset=utf-8
host: localhost:60496
accept: */*

Response DefaultHttpResponse(decodeResult: success, version: HTTP/1.1)
HTTP/1.1 200 OK
Content-Type: application/json; charset=utf-8
cache-control: no-cache
content-length: 790

[DEBUG] Adding key: http://localhost:60496 for channel [id: 0x3bd57911, L:/127.0.0.1:62420 - R:localhost/127.0.0.1:60496]
[DEBUG] Using new Channel '[id: 0x49fac13a, L:/127.0.0.1:62428 - R:localhost/127.0.0.1:62421]' for 'GET' to '/json/version'
[DEBUG] 

Request DefaultFullHttpRequest(decodeResult: success, version: HTTP/1.1, content: EmptyByteBufBE)
GET /json/version HTTP/1.1
User-Agent: selenium/4.2.1 (java windows)
host: localhost:62421
accept: */*

Response DefaultHttpResponse(decodeResult: success, version: HTTP/1.1)
HTTP/1.1 200 OK
Content-Type: application/json; charset=UTF-8
content-length: 427

[DEBUG] Adding key: http://localhost:62421 for channel [id: 0x49fac13a, L:/127.0.0.1:62428 - R:localhost/127.0.0.1:62421]
[DEBUG] -Dio.netty.initialSeedUniquifier: 0xd946b053f7eb84a5
[DEBUG] Using new Channel '[id: 0x136ea678, L:/127.0.0.1:62429 - R:localhost/127.0.0.1:62421]' for 'GET' to '/devtools/browser/cd64cb95-50e8-4755-842f-61dbed5e590e'
[DEBUG] 

Request DefaultFullHttpRequest(decodeResult: success, version: HTTP/1.1, content: EmptyByteBufBE)
GET /devtools/browser/cd64cb95-50e8-4755-842f-61dbed5e590e HTTP/1.1
upgrade: websocket
connection: upgrade
sec-websocket-key: fX3vO/wAltUSQwE6uxNV3A==
sec-websocket-version: 13
origin: http://localhost:62421
host: localhost:62421
accept: */*
user-agent: AHC/2.1

Response DefaultHttpResponse(decodeResult: success, version: HTTP/1.1)
HTTP/1.1 101 WebSocket Protocol Handshake
Upgrade: WebSocket
Connection: Upgrade
Sec-WebSocket-Accept: Nv0ifhsg3RSd7ZHKMBDLC7JB+Hk=

[DEBUG] Entry count for : http://localhost:60496 : 1
[DEBUG] Entry count for : http://localhost:62421 : 1
[FATAL] 2022-08-15 16:36:54.937 [main] StepDef - Setup1 executed...
[INFO ] 2022-08-15 16:36:55.071 [main] StepDef - chrome browser launched
[DEBUG] Using pooled Channel '[id: 0x3bd57911, L:/127.0.0.1:62420 - R:localhost/127.0.0.1:60496]' for 'POST' to 'http://localhost:60496/session/965410475e024f9635755cd1ca3c7482/url'
[DEBUG] Using open Channel [id: 0x3bd57911, L:/127.0.0.1:62420 - R:localhost/127.0.0.1:60496] for POST '/session/965410475e024f9635755cd1ca3c7482/url'
[DEBUG] Entry count for : http://localhost:62421 : 1
[DEBUG] Entry count for : http://localhost:62421 : 1
[DEBUG] 

Request DefaultHttpRequest(decodeResult: success, version: HTTP/1.1)
POST /session/965410475e024f9635755cd1ca3c7482/url HTTP/1.1
User-Agent: selenium/4.2.1 (java windows)
Content-Length: 69
Content-Type: application/json; charset=utf-8
host: localhost:60496
accept: */*

Response DefaultHttpResponse(decodeResult: success, version: HTTP/1.1)
HTTP/1.1 200 OK
Content-Type: application/json; charset=utf-8
cache-control: no-cache
content-length: 14

[DEBUG] Adding key: http://localhost:60496 for channel [id: 0x3bd57911, L:/127.0.0.1:62420 - R:localhost/127.0.0.1:60496]
[INFO ] 2022-08-15 16:36:57.545 [main] StepDef - url opened
[DEBUG] Using pooled Channel '[id: 0x3bd57911, L:/127.0.0.1:62420 - R:localhost/127.0.0.1:60496]' for 'POST' to 'http://localhost:60496/session/965410475e024f9635755cd1ca3c7482/element'
[DEBUG] Using open Channel [id: 0x3bd57911, L:/127.0.0.1:62420 - R:localhost/127.0.0.1:60496] for POST '/session/965410475e024f9635755cd1ca3c7482/element'
[DEBUG] 

Request DefaultHttpRequest(decodeResult: success, version: HTTP/1.1)
POST /session/965410475e024f9635755cd1ca3c7482/element HTTP/1.1
User-Agent: selenium/4.2.1 (java windows)
Content-Length: 50
Content-Type: application/json; charset=utf-8
host: localhost:60496
accept: */*

Response DefaultHttpResponse(decodeResult: success, version: HTTP/1.1)
HTTP/1.1 200 OK
Content-Type: application/json; charset=utf-8
cache-control: no-cache
content-length: 88

[DEBUG] Adding key: http://localhost:60496 for channel [id: 0x3bd57911, L:/127.0.0.1:62420 - R:localhost/127.0.0.1:60496]
[DEBUG] Using pooled Channel '[id: 0x3bd57911, L:/127.0.0.1:62420 - R:localhost/127.0.0.1:60496]' for 'POST' to 'http://localhost:60496/session/965410475e024f9635755cd1ca3c7482/element/cd764d04-431f-4ee0-9eca-bc2f70c23cd5/clear'
[DEBUG] Using open Channel [id: 0x3bd57911, L:/127.0.0.1:62420 - R:localhost/127.0.0.1:60496] for POST '/session/965410475e024f9635755cd1ca3c7482/element/cd764d04-431f-4ee0-9eca-bc2f70c23cd5/clear'
[DEBUG] 

Request DefaultHttpRequest(decodeResult: success, version: HTTP/1.1)
POST /session/965410475e024f9635755cd1ca3c7482/element/cd764d04-431f-4ee0-9eca-bc2f70c23cd5/clear HTTP/1.1
User-Agent: selenium/4.2.1 (java windows)
Content-Length: 50
Content-Type: application/json; charset=utf-8
host: localhost:60496
accept: */*

Response DefaultHttpResponse(decodeResult: success, version: HTTP/1.1)
HTTP/1.1 200 OK
Content-Type: application/json; charset=utf-8
cache-control: no-cache
content-length: 14

[DEBUG] Adding key: http://localhost:60496 for channel [id: 0x3bd57911, L:/127.0.0.1:62420 - R:localhost/127.0.0.1:60496]
[DEBUG] Using pooled Channel '[id: 0x3bd57911, L:/127.0.0.1:62420 - R:localhost/127.0.0.1:60496]' for 'POST' to 'http://localhost:60496/session/965410475e024f9635755cd1ca3c7482/element'
[DEBUG] Using open Channel [id: 0x3bd57911, L:/127.0.0.1:62420 - R:localhost/127.0.0.1:60496] for POST '/session/965410475e024f9635755cd1ca3c7482/element'
[DEBUG] 

Request DefaultHttpRequest(decodeResult: success, version: HTTP/1.1)
POST /session/965410475e024f9635755cd1ca3c7482/element HTTP/1.1
User-Agent: selenium/4.2.1 (java windows)
Content-Length: 50
Content-Type: application/json; charset=utf-8
host: localhost:60496
accept: */*

Response DefaultHttpResponse(decodeResult: success, version: HTTP/1.1)
HTTP/1.1 200 OK
Content-Type: application/json; charset=utf-8
cache-control: no-cache
content-length: 88

[DEBUG] Adding key: http://localhost:60496 for channel [id: 0x3bd57911, L:/127.0.0.1:62420 - R:localhost/127.0.0.1:60496]
[DEBUG] Using pooled Channel '[id: 0x3bd57911, L:/127.0.0.1:62420 - R:localhost/127.0.0.1:60496]' for 'POST' to 'http://localhost:60496/session/965410475e024f9635755cd1ca3c7482/element/cd764d04-431f-4ee0-9eca-bc2f70c23cd5/value'
[DEBUG] Using open Channel [id: 0x3bd57911, L:/127.0.0.1:62420 - R:localhost/127.0.0.1:60496] for POST '/session/965410475e024f9635755cd1ca3c7482/element/cd764d04-431f-4ee0-9eca-bc2f70c23cd5/value'
[DEBUG] 

Request DefaultHttpRequest(decodeResult: success, version: HTTP/1.1)
POST /session/965410475e024f9635755cd1ca3c7482/element/cd764d04-431f-4ee0-9eca-bc2f70c23cd5/value HTTP/1.1
User-Agent: selenium/4.2.1 (java windows)
Content-Length: 271
Content-Type: application/json; charset=utf-8
host: localhost:60496
accept: */*

Response DefaultHttpResponse(decodeResult: success, version: HTTP/1.1)
HTTP/1.1 200 OK
Content-Type: application/json; charset=utf-8
cache-control: no-cache
content-length: 14

[DEBUG] Adding key: http://localhost:60496 for channel [id: 0x3bd57911, L:/127.0.0.1:62420 - R:localhost/127.0.0.1:60496]
[DEBUG] Using pooled Channel '[id: 0x3bd57911, L:/127.0.0.1:62420 - R:localhost/127.0.0.1:60496]' for 'POST' to 'http://localhost:60496/session/965410475e024f9635755cd1ca3c7482/element'
[DEBUG] Using open Channel [id: 0x3bd57911, L:/127.0.0.1:62420 - R:localhost/127.0.0.1:60496] for POST '/session/965410475e024f9635755cd1ca3c7482/element'
[DEBUG] 

Request DefaultHttpRequest(decodeResult: success, version: HTTP/1.1)
POST /session/965410475e024f9635755cd1ca3c7482/element HTTP/1.1
User-Agent: selenium/4.2.1 (java windows)
Content-Length: 53
Content-Type: application/json; charset=utf-8
host: localhost:60496
accept: */*

Response DefaultHttpResponse(decodeResult: success, version: HTTP/1.1)
HTTP/1.1 200 OK
Content-Type: application/json; charset=utf-8
cache-control: no-cache
content-length: 88

[DEBUG] Adding key: http://localhost:60496 for channel [id: 0x3bd57911, L:/127.0.0.1:62420 - R:localhost/127.0.0.1:60496]
[DEBUG] Using pooled Channel '[id: 0x3bd57911, L:/127.0.0.1:62420 - R:localhost/127.0.0.1:60496]' for 'POST' to 'http://localhost:60496/session/965410475e024f9635755cd1ca3c7482/element/3d82eb17-a129-4cf8-ab65-e3aa062f7d90/clear'
[DEBUG] Using open Channel [id: 0x3bd57911, L:/127.0.0.1:62420 - R:localhost/127.0.0.1:60496] for POST '/session/965410475e024f9635755cd1ca3c7482/element/3d82eb17-a129-4cf8-ab65-e3aa062f7d90/clear'
[DEBUG] 

Request DefaultHttpRequest(decodeResult: success, version: HTTP/1.1)
POST /session/965410475e024f9635755cd1ca3c7482/element/3d82eb17-a129-4cf8-ab65-e3aa062f7d90/clear HTTP/1.1
User-Agent: selenium/4.2.1 (java windows)
Content-Length: 50
Content-Type: application/json; charset=utf-8
host: localhost:60496
accept: */*

Response DefaultHttpResponse(decodeResult: success, version: HTTP/1.1)
HTTP/1.1 200 OK
Content-Type: application/json; charset=utf-8
cache-control: no-cache
content-length: 14

[DEBUG] Adding key: http://localhost:60496 for channel [id: 0x3bd57911, L:/127.0.0.1:62420 - R:localhost/127.0.0.1:60496]
[DEBUG] Using pooled Channel '[id: 0x3bd57911, L:/127.0.0.1:62420 - R:localhost/127.0.0.1:60496]' for 'POST' to 'http://localhost:60496/session/965410475e024f9635755cd1ca3c7482/element'
[DEBUG] Using open Channel [id: 0x3bd57911, L:/127.0.0.1:62420 - R:localhost/127.0.0.1:60496] for POST '/session/965410475e024f9635755cd1ca3c7482/element'
[DEBUG] 

Request DefaultHttpRequest(decodeResult: success, version: HTTP/1.1)
POST /session/965410475e024f9635755cd1ca3c7482/element HTTP/1.1
User-Agent: selenium/4.2.1 (java windows)
Content-Length: 53
Content-Type: application/json; charset=utf-8
host: localhost:60496
accept: */*

Response DefaultHttpResponse(decodeResult: success, version: HTTP/1.1)
HTTP/1.1 200 OK
Content-Type: application/json; charset=utf-8
cache-control: no-cache
content-length: 88

[DEBUG] Adding key: http://localhost:60496 for channel [id: 0x3bd57911, L:/127.0.0.1:62420 - R:localhost/127.0.0.1:60496]
[DEBUG] Using pooled Channel '[id: 0x3bd57911, L:/127.0.0.1:62420 - R:localhost/127.0.0.1:60496]' for 'POST' to 'http://localhost:60496/session/965410475e024f9635755cd1ca3c7482/element/3d82eb17-a129-4cf8-ab65-e3aa062f7d90/value'
[DEBUG] Using open Channel [id: 0x3bd57911, L:/127.0.0.1:62420 - R:localhost/127.0.0.1:60496] for POST '/session/965410475e024f9635755cd1ca3c7482/element/3d82eb17-a129-4cf8-ab65-e3aa062f7d90/value'
[DEBUG] 

Request DefaultHttpRequest(decodeResult: success, version: HTTP/1.1)
POST /session/965410475e024f9635755cd1ca3c7482/element/3d82eb17-a129-4cf8-ab65-e3aa062f7d90/value HTTP/1.1
User-Agent: selenium/4.2.1 (java windows)
Content-Length: 131
Content-Type: application/json; charset=utf-8
host: localhost:60496
accept: */*

Response DefaultHttpResponse(decodeResult: success, version: HTTP/1.1)
HTTP/1.1 200 OK
Content-Type: application/json; charset=utf-8
cache-control: no-cache
content-length: 14

[DEBUG] Adding key: http://localhost:60496 for channel [id: 0x3bd57911, L:/127.0.0.1:62420 - R:localhost/127.0.0.1:60496]
[INFO ] 2022-08-15 16:36:58.008 [main] StepDef - email address and password entered
[DEBUG] Using pooled Channel '[id: 0x3bd57911, L:/127.0.0.1:62420 - R:localhost/127.0.0.1:60496]' for 'POST' to 'http://localhost:60496/session/965410475e024f9635755cd1ca3c7482/element'
[DEBUG] Using open Channel [id: 0x3bd57911, L:/127.0.0.1:62420 - R:localhost/127.0.0.1:60496] for POST '/session/965410475e024f9635755cd1ca3c7482/element'
[DEBUG] 

Request DefaultHttpRequest(decodeResult: success, version: HTTP/1.1)
POST /session/965410475e024f9635755cd1ca3c7482/element HTTP/1.1
User-Agent: selenium/4.2.1 (java windows)
Content-Length: 87
Content-Type: application/json; charset=utf-8
host: localhost:60496
accept: */*

Response DefaultHttpResponse(decodeResult: success, version: HTTP/1.1)
HTTP/1.1 200 OK
Content-Type: application/json; charset=utf-8
cache-control: no-cache
content-length: 88

[DEBUG] Adding key: http://localhost:60496 for channel [id: 0x3bd57911, L:/127.0.0.1:62420 - R:localhost/127.0.0.1:60496]
[DEBUG] Using pooled Channel '[id: 0x3bd57911, L:/127.0.0.1:62420 - R:localhost/127.0.0.1:60496]' for 'POST' to 'http://localhost:60496/session/965410475e024f9635755cd1ca3c7482/element/b6c8c12d-f38b-404e-bb4b-b9fa7f6a9966/click'
[DEBUG] Using open Channel [id: 0x3bd57911, L:/127.0.0.1:62420 - R:localhost/127.0.0.1:60496] for POST '/session/965410475e024f9635755cd1ca3c7482/element/b6c8c12d-f38b-404e-bb4b-b9fa7f6a9966/click'
[DEBUG] Entry count for : http://localhost:62421 : 1
[DEBUG] Entry count for : http://localhost:62421 : 1
[DEBUG] Entry count for : http://localhost:62421 : 1
[DEBUG] Entry count for : http://localhost:62421 : 1
[DEBUG] Entry count for : http://localhost:62421 : 1
[DEBUG] 

Request DefaultHttpRequest(decodeResult: success, version: HTTP/1.1)
POST /session/965410475e024f9635755cd1ca3c7482/element/b6c8c12d-f38b-404e-bb4b-b9fa7f6a9966/click HTTP/1.1
User-Agent: selenium/4.2.1 (java windows)
Content-Length: 50
Content-Type: application/json; charset=utf-8
host: localhost:60496
accept: */*

Response DefaultHttpResponse(decodeResult: success, version: HTTP/1.1)
HTTP/1.1 200 OK
Content-Type: application/json; charset=utf-8
cache-control: no-cache
content-length: 14

[DEBUG] Adding key: http://localhost:60496 for channel [id: 0x3bd57911, L:/127.0.0.1:62420 - R:localhost/127.0.0.1:60496]
[INFO ] 2022-08-15 16:37:02.634 [main] StepDef - Clicked on login button
[DEBUG] Using pooled Channel '[id: 0x3bd57911, L:/127.0.0.1:62420 - R:localhost/127.0.0.1:60496]' for 'GET' to 'http://localhost:60496/session/965410475e024f9635755cd1ca3c7482/title'
[DEBUG] Using open Channel [id: 0x3bd57911, L:/127.0.0.1:62420 - R:localhost/127.0.0.1:60496] for GET '/session/965410475e024f9635755cd1ca3c7482/title'
[DEBUG] 

Request DefaultFullHttpRequest(decodeResult: success, version: HTTP/1.1, content: EmptyByteBufBE)
GET /session/965410475e024f9635755cd1ca3c7482/title HTTP/1.1
User-Agent: selenium/4.2.1 (java windows)
Cache-Control: no-cache
Content-Type: application/json; charset=utf-8
host: localhost:60496
accept: */*

Response DefaultHttpResponse(decodeResult: success, version: HTTP/1.1)
HTTP/1.1 200 OK
Content-Type: application/json; charset=utf-8
cache-control: no-cache
content-length: 50

[DEBUG] Adding key: http://localhost:60496 for channel [id: 0x3bd57911, L:/127.0.0.1:62420 - R:localhost/127.0.0.1:60496]
[INFO ] 2022-08-15 16:37:02.673 [main] StepDef - user can view dashboard test passed.
[DEBUG] Using pooled Channel '[id: 0x3bd57911, L:/127.0.0.1:62420 - R:localhost/127.0.0.1:60496]' for 'POST' to 'http://localhost:60496/session/965410475e024f9635755cd1ca3c7482/element'
[DEBUG] Using open Channel [id: 0x3bd57911, L:/127.0.0.1:62420 - R:localhost/127.0.0.1:60496] for POST '/session/965410475e024f9635755cd1ca3c7482/element'
[DEBUG] 

Request DefaultHttpRequest(decodeResult: success, version: HTTP/1.1)
POST /session/965410475e024f9635755cd1ca3c7482/element HTTP/1.1
User-Agent: selenium/4.2.1 (java windows)
Content-Length: 104
Content-Type: application/json; charset=utf-8
host: localhost:60496
accept: */*

Response DefaultHttpResponse(decodeResult: success, version: HTTP/1.1)
HTTP/1.1 200 OK
Content-Type: application/json; charset=utf-8
cache-control: no-cache
content-length: 88

[DEBUG] Adding key: http://localhost:60496 for channel [id: 0x3bd57911, L:/127.0.0.1:62420 - R:localhost/127.0.0.1:60496]
[DEBUG] Using pooled Channel '[id: 0x3bd57911, L:/127.0.0.1:62420 - R:localhost/127.0.0.1:60496]' for 'POST' to 'http://localhost:60496/session/965410475e024f9635755cd1ca3c7482/element/4b402972-9c35-411a-925c-2c83d53be30d/click'
[DEBUG] Using open Channel [id: 0x3bd57911, L:/127.0.0.1:62420 - R:localhost/127.0.0.1:60496] for POST '/session/965410475e024f9635755cd1ca3c7482/element/4b402972-9c35-411a-925c-2c83d53be30d/click'
[DEBUG] 

Request DefaultHttpRequest(decodeResult: success, version: HTTP/1.1)
POST /session/965410475e024f9635755cd1ca3c7482/element/4b402972-9c35-411a-925c-2c83d53be30d/click HTTP/1.1
User-Agent: selenium/4.2.1 (java windows)
Content-Length: 50
Content-Type: application/json; charset=utf-8
host: localhost:60496
accept: */*

Response DefaultHttpResponse(decodeResult: success, version: HTTP/1.1)
HTTP/1.1 200 OK
Content-Type: application/json; charset=utf-8
cache-control: no-cache
content-length: 14

[DEBUG] Adding key: http://localhost:60496 for channel [id: 0x3bd57911, L:/127.0.0.1:62420 - R:localhost/127.0.0.1:60496]
[INFO ] 2022-08-15 16:37:02.803 [main] StepDef - customer menu clicked
[DEBUG] Entry count for : http://localhost:60496 : 1
[DEBUG] Entry count for : http://localhost:62421 : 1
[DEBUG] Entry count for : http://localhost:60496 : 1
[DEBUG] Entry count for : http://localhost:62421 : 1
[DEBUG] Using pooled Channel '[id: 0x3bd57911, L:/127.0.0.1:62420 - R:localhost/127.0.0.1:60496]' for 'POST' to 'http://localhost:60496/session/965410475e024f9635755cd1ca3c7482/element'
[DEBUG] Using open Channel [id: 0x3bd57911, L:/127.0.0.1:62420 - R:localhost/127.0.0.1:60496] for POST '/session/965410475e024f9635755cd1ca3c7482/element'
[DEBUG] 

Request DefaultHttpRequest(decodeResult: success, version: HTTP/1.1)
POST /session/965410475e024f9635755cd1ca3c7482/element HTTP/1.1
User-Agent: selenium/4.2.1 (java windows)
Content-Length: 138
Content-Type: application/json; charset=utf-8
host: localhost:60496
accept: */*

Response DefaultHttpResponse(decodeResult: success, version: HTTP/1.1)
HTTP/1.1 200 OK
Content-Type: application/json; charset=utf-8
cache-control: no-cache
content-length: 88

[DEBUG] Adding key: http://localhost:60496 for channel [id: 0x3bd57911, L:/127.0.0.1:62420 - R:localhost/127.0.0.1:60496]
[DEBUG] Using pooled Channel '[id: 0x3bd57911, L:/127.0.0.1:62420 - R:localhost/127.0.0.1:60496]' for 'POST' to 'http://localhost:60496/session/965410475e024f9635755cd1ca3c7482/element/56e6f853-cefa-4030-93e5-ca4823a8761d/click'
[DEBUG] Using open Channel [id: 0x3bd57911, L:/127.0.0.1:62420 - R:localhost/127.0.0.1:60496] for POST '/session/965410475e024f9635755cd1ca3c7482/element/56e6f853-cefa-4030-93e5-ca4823a8761d/click'
[DEBUG] Entry count for : http://localhost:62421 : 1
[DEBUG] Entry count for : http://localhost:62421 : 1
[DEBUG] 

Request DefaultHttpRequest(decodeResult: success, version: HTTP/1.1)
POST /session/965410475e024f9635755cd1ca3c7482/element/56e6f853-cefa-4030-93e5-ca4823a8761d/click HTTP/1.1
User-Agent: selenium/4.2.1 (java windows)
Content-Length: 50
Content-Type: application/json; charset=utf-8
host: localhost:60496
accept: */*

Response DefaultHttpResponse(decodeResult: success, version: HTTP/1.1)
HTTP/1.1 200 OK
Content-Type: application/json; charset=utf-8
cache-control: no-cache
content-length: 14

[DEBUG] Adding key: http://localhost:60496 for channel [id: 0x3bd57911, L:/127.0.0.1:62420 - R:localhost/127.0.0.1:60496]
[INFO ] 2022-08-15 16:37:07.191 [main] StepDef - customer menu item clicked
[DEBUG] Entry count for : http://localhost:60496 : 1
[DEBUG] Entry count for : http://localhost:62421 : 1
[DEBUG] Entry count for : http://localhost:60496 : 1
[DEBUG] Entry count for : http://localhost:62421 : 1
[DEBUG] Using pooled Channel '[id: 0x3bd57911, L:/127.0.0.1:62420 - R:localhost/127.0.0.1:60496]' for 'POST' to 'http://localhost:60496/session/965410475e024f9635755cd1ca3c7482/element'
[DEBUG] Using open Channel [id: 0x3bd57911, L:/127.0.0.1:62420 - R:localhost/127.0.0.1:60496] for POST '/session/965410475e024f9635755cd1ca3c7482/element'
[DEBUG] 

Request DefaultHttpRequest(decodeResult: success, version: HTTP/1.1)
POST /session/965410475e024f9635755cd1ca3c7482/element HTTP/1.1
User-Agent: selenium/4.2.1 (java windows)
Content-Length: 60
Content-Type: application/json; charset=utf-8
host: localhost:60496
accept: */*

Response DefaultHttpResponse(decodeResult: success, version: HTTP/1.1)
HTTP/1.1 200 OK
Content-Type: application/json; charset=utf-8
cache-control: no-cache
content-length: 88

[DEBUG] Adding key: http://localhost:60496 for channel [id: 0x3bd57911, L:/127.0.0.1:62420 - R:localhost/127.0.0.1:60496]
[DEBUG] Using pooled Channel '[id: 0x3bd57911, L:/127.0.0.1:62420 - R:localhost/127.0.0.1:60496]' for 'POST' to 'http://localhost:60496/session/965410475e024f9635755cd1ca3c7482/element/cf25932e-042d-4a67-b7f6-c471bb72f070/value'
[DEBUG] Using open Channel [id: 0x3bd57911, L:/127.0.0.1:62420 - R:localhost/127.0.0.1:60496] for POST '/session/965410475e024f9635755cd1ca3c7482/element/cf25932e-042d-4a67-b7f6-c471bb72f070/value'
[DEBUG] 

Request DefaultHttpRequest(decodeResult: success, version: HTTP/1.1)
POST /session/965410475e024f9635755cd1ca3c7482/element/cf25932e-042d-4a67-b7f6-c471bb72f070/value HTTP/1.1
User-Agent: selenium/4.2.1 (java windows)
Content-Length: 161
Content-Type: application/json; charset=utf-8
host: localhost:60496
accept: */*

Response DefaultHttpResponse(decodeResult: success, version: HTTP/1.1)
HTTP/1.1 200 OK
Content-Type: application/json; charset=utf-8
cache-control: no-cache
content-length: 14

[DEBUG] Adding key: http://localhost:60496 for channel [id: 0x3bd57911, L:/127.0.0.1:62420 - R:localhost/127.0.0.1:60496]
[DEBUG] Using pooled Channel '[id: 0x3bd57911, L:/127.0.0.1:62420 - R:localhost/127.0.0.1:60496]' for 'POST' to 'http://localhost:60496/session/965410475e024f9635755cd1ca3c7482/element'
[DEBUG] Using open Channel [id: 0x3bd57911, L:/127.0.0.1:62420 - R:localhost/127.0.0.1:60496] for POST '/session/965410475e024f9635755cd1ca3c7482/element'
[DEBUG] 

Request DefaultHttpRequest(decodeResult: success, version: HTTP/1.1)
POST /session/965410475e024f9635755cd1ca3c7482/element HTTP/1.1
User-Agent: selenium/4.2.1 (java windows)
Content-Length: 59
Content-Type: application/json; charset=utf-8
host: localhost:60496
accept: */*

Response DefaultHttpResponse(decodeResult: success, version: HTTP/1.1)
HTTP/1.1 200 OK
Content-Type: application/json; charset=utf-8
cache-control: no-cache
content-length: 88

[DEBUG] Adding key: http://localhost:60496 for channel [id: 0x3bd57911, L:/127.0.0.1:62420 - R:localhost/127.0.0.1:60496]
[DEBUG] Using pooled Channel '[id: 0x3bd57911, L:/127.0.0.1:62420 - R:localhost/127.0.0.1:60496]' for 'POST' to 'http://localhost:60496/session/965410475e024f9635755cd1ca3c7482/element/b9a72766-4d20-4835-a27c-e21b1e7dd82c/value'
[DEBUG] Using open Channel [id: 0x3bd57911, L:/127.0.0.1:62420 - R:localhost/127.0.0.1:60496] for POST '/session/965410475e024f9635755cd1ca3c7482/element/b9a72766-4d20-4835-a27c-e21b1e7dd82c/value'
[DEBUG] 

Request DefaultHttpRequest(decodeResult: success, version: HTTP/1.1)
POST /session/965410475e024f9635755cd1ca3c7482/element/b9a72766-4d20-4835-a27c-e21b1e7dd82c/value HTTP/1.1
User-Agent: selenium/4.2.1 (java windows)
Content-Length: 141
Content-Type: application/json; charset=utf-8
host: localhost:60496
accept: */*

Response DefaultHttpResponse(decodeResult: success, version: HTTP/1.1)
HTTP/1.1 200 OK
Content-Type: application/json; charset=utf-8
cache-control: no-cache
content-length: 14

[DEBUG] Adding key: http://localhost:60496 for channel [id: 0x3bd57911, L:/127.0.0.1:62420 - R:localhost/127.0.0.1:60496]
[DEBUG] Using pooled Channel '[id: 0x3bd57911, L:/127.0.0.1:62420 - R:localhost/127.0.0.1:60496]' for 'POST' to 'http://localhost:60496/session/965410475e024f9635755cd1ca3c7482/element'
[DEBUG] Using open Channel [id: 0x3bd57911, L:/127.0.0.1:62420 - R:localhost/127.0.0.1:60496] for POST '/session/965410475e024f9635755cd1ca3c7482/element'
[DEBUG] 

Request DefaultHttpRequest(decodeResult: success, version: HTTP/1.1)
POST /session/965410475e024f9635755cd1ca3c7482/element HTTP/1.1
User-Agent: selenium/4.2.1 (java windows)
Content-Length: 63
Content-Type: application/json; charset=utf-8
host: localhost:60496
accept: */*

Response DefaultHttpResponse(decodeResult: success, version: HTTP/1.1)
HTTP/1.1 200 OK
Content-Type: application/json; charset=utf-8
cache-control: no-cache
content-length: 88

[DEBUG] Adding key: http://localhost:60496 for channel [id: 0x3bd57911, L:/127.0.0.1:62420 - R:localhost/127.0.0.1:60496]
[DEBUG] Using pooled Channel '[id: 0x3bd57911, L:/127.0.0.1:62420 - R:localhost/127.0.0.1:60496]' for 'POST' to 'http://localhost:60496/session/965410475e024f9635755cd1ca3c7482/element/7ce071f8-4ab1-4f36-a690-54bc12f3a818/click'
[DEBUG] Using open Channel [id: 0x3bd57911, L:/127.0.0.1:62420 - R:localhost/127.0.0.1:60496] for POST '/session/965410475e024f9635755cd1ca3c7482/element/7ce071f8-4ab1-4f36-a690-54bc12f3a818/click'
[DEBUG] 

Request DefaultHttpRequest(decodeResult: success, version: HTTP/1.1)
POST /session/965410475e024f9635755cd1ca3c7482/element/7ce071f8-4ab1-4f36-a690-54bc12f3a818/click HTTP/1.1
User-Agent: selenium/4.2.1 (java windows)
Content-Length: 50
Content-Type: application/json; charset=utf-8
host: localhost:60496
accept: */*

Response DefaultHttpResponse(decodeResult: success, version: HTTP/1.1)
HTTP/1.1 200 OK
Content-Type: application/json; charset=utf-8
cache-control: no-cache
content-length: 14

[DEBUG] Adding key: http://localhost:60496 for channel [id: 0x3bd57911, L:/127.0.0.1:62420 - R:localhost/127.0.0.1:60496]
[INFO ] 2022-08-15 16:37:09.781 [main] StepDef - Clicked on search button.
[DEBUG] Entry count for : http://localhost:60496 : 1
[DEBUG] Entry count for : http://localhost:62421 : 1
[DEBUG] Entry count for : http://localhost:60496 : 1
[DEBUG] Entry count for : http://localhost:62421 : 1
[DEBUG] Using pooled Channel '[id: 0x3bd57911, L:/127.0.0.1:62420 - R:localhost/127.0.0.1:60496]' for 'POST' to 'http://localhost:60496/session/965410475e024f9635755cd1ca3c7482/elements'
[DEBUG] Using open Channel [id: 0x3bd57911, L:/127.0.0.1:62420 - R:localhost/127.0.0.1:60496] for POST '/session/965410475e024f9635755cd1ca3c7482/elements'
[DEBUG] 

Request DefaultHttpRequest(decodeResult: success, version: HTTP/1.1)
POST /session/965410475e024f9635755cd1ca3c7482/elements HTTP/1.1
User-Agent: selenium/4.2.1 (java windows)
Content-Length: 101
Content-Type: application/json; charset=utf-8
host: localhost:60496
accept: */*

Response DefaultHttpResponse(decodeResult: success, version: HTTP/1.1)
HTTP/1.1 200 OK
Content-Type: application/json; charset=utf-8
cache-control: no-cache
content-length: 90

[DEBUG] Adding key: http://localhost:60496 for channel [id: 0x3bd57911, L:/127.0.0.1:62420 - R:localhost/127.0.0.1:60496]
[DEBUG] Using pooled Channel '[id: 0x3bd57911, L:/127.0.0.1:62420 - R:localhost/127.0.0.1:60496]' for 'POST' to 'http://localhost:60496/session/965410475e024f9635755cd1ca3c7482/element'
[DEBUG] Using open Channel [id: 0x3bd57911, L:/127.0.0.1:62420 - R:localhost/127.0.0.1:60496] for POST '/session/965410475e024f9635755cd1ca3c7482/element'
[DEBUG] 

Request DefaultHttpRequest(decodeResult: success, version: HTTP/1.1)
POST /session/965410475e024f9635755cd1ca3c7482/element HTTP/1.1
User-Agent: selenium/4.2.1 (java windows)
Content-Length: 115
Content-Type: application/json; charset=utf-8
host: localhost:60496
accept: */*

Response DefaultHttpResponse(decodeResult: success, version: HTTP/1.1)
HTTP/1.1 200 OK
Content-Type: application/json; charset=utf-8
cache-control: no-cache
content-length: 88

[DEBUG] Adding key: http://localhost:60496 for channel [id: 0x3bd57911, L:/127.0.0.1:62420 - R:localhost/127.0.0.1:60496]
[DEBUG] Using pooled Channel '[id: 0x3bd57911, L:/127.0.0.1:62420 - R:localhost/127.0.0.1:60496]' for 'GET' to 'http://localhost:60496/session/965410475e024f9635755cd1ca3c7482/element/42a2b956-efa4-4212-b302-a27d9888f595/text'
[DEBUG] Using open Channel [id: 0x3bd57911, L:/127.0.0.1:62420 - R:localhost/127.0.0.1:60496] for GET '/session/965410475e024f9635755cd1ca3c7482/element/42a2b956-efa4-4212-b302-a27d9888f595/text'
[DEBUG] 

Request DefaultFullHttpRequest(decodeResult: success, version: HTTP/1.1, content: EmptyByteBufBE)
GET /session/965410475e024f9635755cd1ca3c7482/element/42a2b956-efa4-4212-b302-a27d9888f595/text HTTP/1.1
User-Agent: selenium/4.2.1 (java windows)
Cache-Control: no-cache
Content-Type: application/json; charset=utf-8
host: localhost:60496
accept: */*

Response DefaultHttpResponse(decodeResult: success, version: HTTP/1.1)
HTTP/1.1 200 OK
Content-Type: application/json; charset=utf-8
cache-control: no-cache
content-length: 27

[DEBUG] Adding key: http://localhost:60496 for channel [id: 0x3bd57911, L:/127.0.0.1:62420 - R:localhost/127.0.0.1:60496]
[DEBUG] Using pooled Channel '[id: 0x3bd57911, L:/127.0.0.1:62420 - R:localhost/127.0.0.1:60496]' for 'DELETE' to 'http://localhost:60496/session/965410475e024f9635755cd1ca3c7482/window'
[DEBUG] Using open Channel [id: 0x3bd57911, L:/127.0.0.1:62420 - R:localhost/127.0.0.1:60496] for DELETE '/session/965410475e024f9635755cd1ca3c7482/window'
[DEBUG] Unexpected I/O exception on channel [id: 0x49fac13a, L:/127.0.0.1:62428 - R:localhost/127.0.0.1:62421]
java.net.SocketException: Connection reset
	at java.base/sun.nio.ch.SocketChannelImpl.throwConnectionReset(SocketChannelImpl.java:394) ~[na:na]
	at java.base/sun.nio.ch.SocketChannelImpl.read(SocketChannelImpl.java:426) ~[na:na]
	at io.netty.buffer.PooledByteBuf.setBytes(PooledByteBuf.java:258) ~[netty-buffer-4.1.77.Final.jar:4.1.77.Final]
	at io.netty.buffer.AbstractByteBuf.writeBytes(AbstractByteBuf.java:1132) ~[netty-buffer-4.1.77.Final.jar:4.1.77.Final]
	at io.netty.channel.socket.nio.NioSocketChannel.doReadBytes(NioSocketChannel.java:357) ~[netty-transport-4.1.77.Final.jar:4.1.77.Final]
	at io.netty.channel.nio.AbstractNioByteChannel$NioByteUnsafe.read(AbstractNioByteChannel.java:151) ~[netty-transport-4.1.77.Final.jar:4.1.77.Final]
	at io.netty.channel.nio.NioEventLoop.processSelectedKey(NioEventLoop.java:722) ~[netty-transport-4.1.77.Final.jar:4.1.77.Final]
	at io.netty.channel.nio.NioEventLoop.processSelectedKeysOptimized(NioEventLoop.java:658) ~[netty-transport-4.1.77.Final.jar:4.1.77.Final]
	at io.netty.channel.nio.NioEventLoop.processSelectedKeys(NioEventLoop.java:584) ~[netty-transport-4.1.77.Final.jar:4.1.77.Final]
	at io.netty.channel.nio.NioEventLoop.run(NioEventLoop.java:496) ~[netty-transport-4.1.77.Final.jar:4.1.77.Final]
	at io.netty.util.concurrent.SingleThreadEventExecutor$4.run(SingleThreadEventExecutor.java:995) ~[netty-common-4.1.77.Final.jar:4.1.77.Final]
	at io.netty.util.internal.ThreadExecutorMap$2.run(ThreadExecutorMap.java:74) ~[netty-common-4.1.77.Final.jar:4.1.77.Final]
	at io.netty.util.concurrent.FastThreadLocalRunnable.run(FastThreadLocalRunnable.java:30) ~[netty-common-4.1.77.Final.jar:4.1.77.Final]
	at java.base/java.lang.Thread.run(Thread.java:833) ~[na:na]
[DEBUG] Closing Channel [id: 0x49fac13a, L:/127.0.0.1:62428 - R:localhost/127.0.0.1:62421] 
[DEBUG] Channel Closed: [id: 0x49fac13a, L:/127.0.0.1:62428 ! R:localhost/127.0.0.1:62421] with attribute DISCARD
[DEBUG] Unexpected I/O exception on channel [id: 0x136ea678, L:/127.0.0.1:62429 - R:localhost/127.0.0.1:62421]
java.net.SocketException: Connection reset
	at java.base/sun.nio.ch.SocketChannelImpl.throwConnectionReset(SocketChannelImpl.java:394) ~[na:na]
	at java.base/sun.nio.ch.SocketChannelImpl.read(SocketChannelImpl.java:426) ~[na:na]
	at io.netty.buffer.PooledByteBuf.setBytes(PooledByteBuf.java:258) ~[netty-buffer-4.1.77.Final.jar:4.1.77.Final]
	at io.netty.buffer.AbstractByteBuf.writeBytes(AbstractByteBuf.java:1132) ~[netty-buffer-4.1.77.Final.jar:4.1.77.Final]
	at io.netty.channel.socket.nio.NioSocketChannel.doReadBytes(NioSocketChannel.java:357) ~[netty-transport-4.1.77.Final.jar:4.1.77.Final]
	at io.netty.channel.nio.AbstractNioByteChannel$NioByteUnsafe.read(AbstractNioByteChannel.java:151) ~[netty-transport-4.1.77.Final.jar:4.1.77.Final]
	at io.netty.channel.nio.NioEventLoop.processSelectedKey(NioEventLoop.java:722) ~[netty-transport-4.1.77.Final.jar:4.1.77.Final]
	at io.netty.channel.nio.NioEventLoop.processSelectedKeysOptimized(NioEventLoop.java:658) ~[netty-transport-4.1.77.Final.jar:4.1.77.Final]
	at io.netty.channel.nio.NioEventLoop.processSelectedKeys(NioEventLoop.java:584) ~[netty-transport-4.1.77.Final.jar:4.1.77.Final]
	at io.netty.channel.nio.NioEventLoop.run(NioEventLoop.java:496) ~[netty-transport-4.1.77.Final.jar:4.1.77.Final]
	at io.netty.util.concurrent.SingleThreadEventExecutor$4.run(SingleThreadEventExecutor.java:995) ~[netty-common-4.1.77.Final.jar:4.1.77.Final]
	at io.netty.util.internal.ThreadExecutorMap$2.run(ThreadExecutorMap.java:74) ~[netty-common-4.1.77.Final.jar:4.1.77.Final]
	at io.netty.util.concurrent.FastThreadLocalRunnable.run(FastThreadLocalRunnable.java:30) ~[netty-common-4.1.77.Final.jar:4.1.77.Final]
	at java.base/java.lang.Thread.run(Thread.java:833) ~[na:na]
[DEBUG] Was unable to recover Future: NettyResponseFuture{currentRetry=0,
	isDone=1,
	isCancelled=0,
	asyncHandler=org.asynchttpclient.ws.WebSocketUpgradeHandler@52d4247c,
	nettyRequest=org.asynchttpclient.netty.request.NettyRequest@1d0ede74,
	future=java.util.concurrent.CompletableFuture@2c1ce17e[Completed normally],
	uri=ws://localhost:62421/devtools/browser/cd64cb95-50e8-4755-842f-61dbed5e590e,
	keepAlive=true,
	redirectCount=0,
	timeoutsHolder=null,
	inAuth=0,
	touch=1660561632047}
[DEBUG] Closing Channel [id: 0x136ea678, L:/127.0.0.1:62429 - R:localhost/127.0.0.1:62421] 
[WARN] onError
java.net.SocketException: Connection reset
	at java.base/sun.nio.ch.SocketChannelImpl.throwConnectionReset(SocketChannelImpl.java:394) ~[na:na]
	at java.base/sun.nio.ch.SocketChannelImpl.read(SocketChannelImpl.java:426) ~[na:na]
	at io.netty.buffer.PooledByteBuf.setBytes(PooledByteBuf.java:258) ~[netty-buffer-4.1.77.Final.jar:4.1.77.Final]
	at io.netty.buffer.AbstractByteBuf.writeBytes(AbstractByteBuf.java:1132) ~[netty-buffer-4.1.77.Final.jar:4.1.77.Final]
	at io.netty.channel.socket.nio.NioSocketChannel.doReadBytes(NioSocketChannel.java:357) ~[netty-transport-4.1.77.Final.jar:4.1.77.Final]
	at io.netty.channel.nio.AbstractNioByteChannel$NioByteUnsafe.read(AbstractNioByteChannel.java:151) ~[netty-transport-4.1.77.Final.jar:4.1.77.Final]
	at io.netty.channel.nio.NioEventLoop.processSelectedKey(NioEventLoop.java:722) ~[netty-transport-4.1.77.Final.jar:4.1.77.Final]
	at io.netty.channel.nio.NioEventLoop.processSelectedKeysOptimized(NioEventLoop.java:658) ~[netty-transport-4.1.77.Final.jar:4.1.77.Final]
	at io.netty.channel.nio.NioEventLoop.processSelectedKeys(NioEventLoop.java:584) ~[netty-transport-4.1.77.Final.jar:4.1.77.Final]
	at io.netty.channel.nio.NioEventLoop.run(NioEventLoop.java:496) ~[netty-transport-4.1.77.Final.jar:4.1.77.Final]
	at io.netty.util.concurrent.SingleThreadEventExecutor$4.run(SingleThreadEventExecutor.java:995) ~[netty-common-4.1.77.Final.jar:4.1.77.Final]
	at io.netty.util.internal.ThreadExecutorMap$2.run(ThreadExecutorMap.java:74) ~[netty-common-4.1.77.Final.jar:4.1.77.Final]
	at io.netty.util.concurrent.FastThreadLocalRunnable.run(FastThreadLocalRunnable.java:30) ~[netty-common-4.1.77.Final.jar:4.1.77.Final]
	at java.base/java.lang.Thread.run(Thread.java:833) ~[na:na]
[DEBUG] Closing Channel [id: 0x136ea678, L:/127.0.0.1:62429 ! R:localhost/127.0.0.1:62421] 
[DEBUG] Channel Closed: [id: 0x136ea678, L:/127.0.0.1:62429 ! R:localhost/127.0.0.1:62421] with attribute DISCARD
[DEBUG] 

Request DefaultFullHttpRequest(decodeResult: success, version: HTTP/1.1, content: EmptyByteBufBE)
DELETE /session/965410475e024f9635755cd1ca3c7482/window HTTP/1.1
User-Agent: selenium/4.2.1 (java windows)
Content-Type: application/json; charset=utf-8
host: localhost:60496
accept: */*

Response DefaultHttpResponse(decodeResult: success, version: HTTP/1.1)
HTTP/1.1 200 OK
Content-Type: application/json; charset=utf-8
cache-control: no-cache
content-length: 12

[DEBUG] Adding key: http://localhost:60496 for channel [id: 0x3bd57911, L:/127.0.0.1:62420 - R:localhost/127.0.0.1:60496]
[INFO ] 2022-08-15 16:37:12.078 [main] StepDef - Browser closed
Tear Down method executed..
[DEBUG] Using pooled Channel '[id: 0x3bd57911, L:/127.0.0.1:62420 - R:localhost/127.0.0.1:60496]' for 'DELETE' to 'http://localhost:60496/session/965410475e024f9635755cd1ca3c7482'
[DEBUG] Using open Channel [id: 0x3bd57911, L:/127.0.0.1:62420 - R:localhost/127.0.0.1:60496] for DELETE '/session/965410475e024f9635755cd1ca3c7482'
[DEBUG] 

Request DefaultFullHttpRequest(decodeResult: success, version: HTTP/1.1, content: EmptyByteBufBE)
DELETE /session/965410475e024f9635755cd1ca3c7482 HTTP/1.1
User-Agent: selenium/4.2.1 (java windows)
Content-Type: application/json; charset=utf-8
host: localhost:60496
accept: */*

Response DefaultHttpResponse(decodeResult: success, version: HTTP/1.1)
HTTP/1.1 200 OK
Content-Type: application/json; charset=utf-8
cache-control: no-cache
content-length: 14

[DEBUG] Adding key: http://localhost:60496 for channel [id: 0x3bd57911, L:/127.0.0.1:62420 - R:localhost/127.0.0.1:60496]
[DEBUG] Channel Closed: [id: 0x3bd57911, L:/127.0.0.1:62420 ! R:localhost/127.0.0.1:60496] with attribute DISCARD
]]></system-out>
    <system-err><![CDATA[Starting ChromeDriver 104.0.5112.79 (3cf3e8c8a07d104b9e1260c910efb8f383285dc5-refs/branch-heads/5112@{#1307}) on port 60496
Only local connections are allowed.
Please see https://chromedriver.chromium.org/security-considerations for suggestions on keeping ChromeDriver safe.
ChromeDriver was started successfully.
Aug 15, 2022 4:36:54 PM org.openqa.selenium.remote.ProtocolHandshake createSession
INFO: Detected upstream dialect: W3C
Aug 15, 2022 4:36:54 PM org.openqa.selenium.devtools.CdpVersionFinder findNearestMatch
WARNING: Unable to find an exact match for CDP version 104, so returning the closest version found: 102
Aug 15, 2022 4:36:54 PM org.openqa.selenium.devtools.CdpVersionFinder findNearestMatch
INFO: Found CDP implementation for version 104 of 102
Aug 15, 2022 4:37:12 PM org.openqa.selenium.remote.http.WebSocket$Listener onError
WARNING: Connection reset
java.net.SocketException: Connection reset
	at java.base/sun.nio.ch.SocketChannelImpl.throwConnectionReset(SocketChannelImpl.java:394)
	at java.base/sun.nio.ch.SocketChannelImpl.read(SocketChannelImpl.java:426)
	at io.netty.buffer.PooledByteBuf.setBytes(PooledByteBuf.java:258)
	at io.netty.buffer.AbstractByteBuf.writeBytes(AbstractByteBuf.java:1132)
	at io.netty.channel.socket.nio.NioSocketChannel.doReadBytes(NioSocketChannel.java:357)
	at io.netty.channel.nio.AbstractNioByteChannel$NioByteUnsafe.read(AbstractNioByteChannel.java:151)
	at io.netty.channel.nio.NioEventLoop.processSelectedKey(NioEventLoop.java:722)
	at io.netty.channel.nio.NioEventLoop.processSelectedKeysOptimized(NioEventLoop.java:658)
	at io.netty.channel.nio.NioEventLoop.processSelectedKeys(NioEventLoop.java:584)
	at io.netty.channel.nio.NioEventLoop.run(NioEventLoop.java:496)
	at io.netty.util.concurrent.SingleThreadEventExecutor$4.run(SingleThreadEventExecutor.java:995)
	at io.netty.util.internal.ThreadExecutorMap$2.run(ThreadExecutorMap.java:74)
	at io.netty.util.concurrent.FastThreadLocalRunnable.run(FastThreadLocalRunnable.java:30)
	at java.base/java.lang.Thread.run(Thread.java:833)

]]></system-err>
  </testcase>
  <testcase name="runScenario[&quot;Successful Login with Valid Credentials&quot;, &quot;Login&quot;](2)" classname="TestRunner.Run" time="9.739">
    <failure message="element click intercepted: Element &lt;a class=&quot;nav-link&quot; href=&quot;/logout&quot;&gt;...&lt;/a&gt; is not clickable at point (916, 28). Other element would receive the click: &lt;div id=&quot;ajaxBusy&quot; style=&quot;display: block;&quot;&gt;...&lt;/div&gt;&#10;  (Session info: chrome=104.0.5112.81)&#10;Build info: version: &apos;4.2.1&apos;, revision: &apos;ac4d0fdd4a&apos;&#10;System info: host: &apos;DESKTOP-HNLDSPC&apos;, ip: &apos;192.168.0.107&apos;, os.name: &apos;Windows 10&apos;, os.arch: &apos;amd64&apos;, os.version: &apos;10.0&apos;, java.version: &apos;17.0.2&apos;&#10;Driver info: org.openqa.selenium.chrome.ChromeDriver&#10;Command: [a6c224c47d36b4e45c05ab9661e40225, clickElement {id=77abadf5-a44e-4c9c-a10e-880fefe32a0e}]&#10;Capabilities {acceptInsecureCerts: false, browserName: chrome, browserVersion: 104.0.5112.81, chrome: {chromedriverVersion: 104.0.5112.79 (3cf3e8c8a07d..., userDataDir: C:\Users\ankit\AppData\Loca...}, goog:chromeOptions: {debuggerAddress: localhost:62474}, networkConnectionEnabled: false, pageLoadStrategy: normal, platformName: WINDOWS, proxy: Proxy(), se:cdp: ws://localhost:62474/devtoo..., se:cdpVersion: 104.0.5112.81, setWindowRect: true, strictFileInteractability: false, timeouts: {implicit: 0, pageLoad: 300000, script: 30000}, unhandledPromptBehavior: dismiss and notify, webauthn:extension:credBlob: true, webauthn:extension:largeBlob: true, webauthn:virtualAuthenticators: true}&#10;Element: [[ChromeDriver: chrome on WINDOWS (a6c224c47d36b4e45c05ab9661e40225)] -&gt; link text: Logout]&#10;Session ID: a6c224c47d36b4e45c05ab9661e40225" type="org.openqa.selenium.ElementClickInterceptedException"><![CDATA[org.openqa.selenium.ElementClickInterceptedException: 
element click intercepted: Element <a class="nav-link" href="/logout">...</a> is not clickable at point (916, 28). Other element would receive the click: <div id="ajaxBusy" style="display: block;">...</div>
  (Session info: chrome=104.0.5112.81)
Build info: version: '4.2.1', revision: 'ac4d0fdd4a'
System info: host: 'DESKTOP-HNLDSPC', ip: '192.168.0.107', os.name: 'Windows 10', os.arch: 'amd64', os.version: '10.0', java.version: '17.0.2'
Driver info: org.openqa.selenium.chrome.ChromeDriver
Command: [a6c224c47d36b4e45c05ab9661e40225, clickElement {id=77abadf5-a44e-4c9c-a10e-880fefe32a0e}]
Capabilities {acceptInsecureCerts: false, browserName: chrome, browserVersion: 104.0.5112.81, chrome: {chromedriverVersion: 104.0.5112.79 (3cf3e8c8a07d..., userDataDir: C:\Users\ankit\AppData\Loca...}, goog:chromeOptions: {debuggerAddress: localhost:62474}, networkConnectionEnabled: false, pageLoadStrategy: normal, platformName: WINDOWS, proxy: Proxy(), se:cdp: ws://localhost:62474/devtoo..., se:cdpVersion: 104.0.5112.81, setWindowRect: true, strictFileInteractability: false, timeouts: {implicit: 0, pageLoad: 300000, script: 30000}, unhandledPromptBehavior: dismiss and notify, webauthn:extension:credBlob: true, webauthn:extension:largeBlob: true, webauthn:virtualAuthenticators: true}
Element: [[ChromeDriver: chrome on WINDOWS (a6c224c47d36b4e45c05ab9661e40225)] -> link text: Logout]
Session ID: a6c224c47d36b4e45c05ab9661e40225
	at java.base/jdk.internal.reflect.NativeConstructorAccessorImpl.newInstance0(Native Method)
	at java.base/jdk.internal.reflect.NativeConstructorAccessorImpl.newInstance(NativeConstructorAccessorImpl.java:77)
	at java.base/jdk.internal.reflect.DelegatingConstructorAccessorImpl.newInstance(DelegatingConstructorAccessorImpl.java:45)
	at java.base/java.lang.reflect.Constructor.newInstanceWithCaller(Constructor.java:499)
	at java.base/java.lang.reflect.Constructor.newInstance(Constructor.java:480)
	at org.openqa.selenium.remote.codec.w3c.W3CHttpResponseCodec.createException(W3CHttpResponseCodec.java:200)
	at org.openqa.selenium.remote.codec.w3c.W3CHttpResponseCodec.decode(W3CHttpResponseCodec.java:133)
	at org.openqa.selenium.remote.codec.w3c.W3CHttpResponseCodec.decode(W3CHttpResponseCodec.java:53)
	at org.openqa.selenium.remote.HttpCommandExecutor.execute(HttpCommandExecutor.java:184)
	at org.openqa.selenium.remote.service.DriverCommandExecutor.invokeExecute(DriverCommandExecutor.java:167)
	at org.openqa.selenium.remote.service.DriverCommandExecutor.execute(DriverCommandExecutor.java:142)
	at org.openqa.selenium.remote.RemoteWebDriver.execute(RemoteWebDriver.java:551)
	at org.openqa.selenium.remote.RemoteWebElement.execute(RemoteWebElement.java:257)
	at org.openqa.selenium.remote.RemoteWebElement.click(RemoteWebElement.java:78)
	at java.base/jdk.internal.reflect.NativeMethodAccessorImpl.invoke0(Native Method)
	at java.base/jdk.internal.reflect.NativeMethodAccessorImpl.invoke(NativeMethodAccessorImpl.java:77)
	at java.base/jdk.internal.reflect.DelegatingMethodAccessorImpl.invoke(DelegatingMethodAccessorImpl.java:43)
	at java.base/java.lang.reflect.Method.invoke(Method.java:568)
	at org.openqa.selenium.support.pagefactory.internal.LocatingElementHandler.invoke(LocatingElementHandler.java:52)
	at jdk.proxy2/jdk.proxy2.$Proxy40.click(Unknown Source)
	at PageObject.LoginPage.clickOnLogOutButton(LoginPage.java:52)
	at StepDefinition.StepDef.user_click_on_log_out_link(StepDef.java:135)
	at ✽.User click on Log out link(file:///G:/All_Project/CucumberFramework/./Features/LoginFeature.feature:10)
]]></failure>
    <system-out><![CDATA[Setup-Sanity method executed..
[DEBUG] Resolution chrome=104 in cache (valid until 17:09:39 15/08/2022 IST)
[DEBUG] Resolution chrome104=104.0.5112.79 in cache (valid until 19:28:26 15/08/2022 IST)
[INFO] Using chromedriver 104.0.5112.79 (resolved driver for Chrome 104)
[DEBUG] Driver chromedriver 104.0.5112.79 found in cache
[INFO] Exporting webdriver.chrome.driver as C:\Users\ankit\.cache\selenium\chromedriver\win32\104.0.5112.79\chromedriver.exe
[DEBUG] Entry count for : http://localhost:60496 : 1
[DEBUG] Entry count for : http://localhost:62421 : 1
[DEBUG] Adding Candidate expired Channel [id: 0x3bd57911, L:/127.0.0.1:62420 ! R:localhost/127.0.0.1:60496] isIdleTimeoutExpired=false isRemotelyClosed=true isTtlExpired=false
[DEBUG] Closing Idle Channel [id: 0x3bd57911, L:/127.0.0.1:62420 ! R:localhost/127.0.0.1:60496]
[DEBUG] Adding Candidate expired Channel [id: 0x49fac13a, L:/127.0.0.1:62428 ! R:localhost/127.0.0.1:62421] isIdleTimeoutExpired=false isRemotelyClosed=true isTtlExpired=false
[DEBUG] Closing Idle Channel [id: 0x49fac13a, L:/127.0.0.1:62428 ! R:localhost/127.0.0.1:62421]
[DEBUG] Closed 2 connections out of 2 in 1 ms
[DEBUG] Using new Channel '[id: 0x1485b1b0, L:/127.0.0.1:62473 - R:localhost/127.0.0.1:61176]' for 'POST' to '/session'
[DEBUG] 

Request DefaultHttpRequest(decodeResult: success, version: HTTP/1.1)
POST /session HTTP/1.1
User-Agent: selenium/4.2.1 (java windows)
Content-Length: 365
Content-Type: application/json; charset=utf-8
host: localhost:61176
accept: */*

Response DefaultHttpResponse(decodeResult: success, version: HTTP/1.1)
HTTP/1.1 200 OK
Content-Type: application/json; charset=utf-8
cache-control: no-cache
content-length: 789

[DEBUG] Adding key: http://localhost:61176 for channel [id: 0x1485b1b0, L:/127.0.0.1:62473 - R:localhost/127.0.0.1:61176]
[DEBUG] Using new Channel '[id: 0xf6711760, L:/127.0.0.1:62481 - R:localhost/127.0.0.1:62474]' for 'GET' to '/json/version'
[DEBUG] 

Request DefaultFullHttpRequest(decodeResult: success, version: HTTP/1.1, content: EmptyByteBufBE)
GET /json/version HTTP/1.1
User-Agent: selenium/4.2.1 (java windows)
host: localhost:62474
accept: */*

Response DefaultHttpResponse(decodeResult: success, version: HTTP/1.1)
HTTP/1.1 200 OK
Content-Type: application/json; charset=UTF-8
content-length: 427

[DEBUG] Adding key: http://localhost:62474 for channel [id: 0xf6711760, L:/127.0.0.1:62481 - R:localhost/127.0.0.1:62474]
[DEBUG] Using new Channel '[id: 0xa8628586, L:/127.0.0.1:62482 - R:localhost/127.0.0.1:62474]' for 'GET' to '/devtools/browser/e1df7f2b-ea5a-41ad-aeed-edbad97338c6'
[DEBUG] 

Request DefaultFullHttpRequest(decodeResult: success, version: HTTP/1.1, content: EmptyByteBufBE)
GET /devtools/browser/e1df7f2b-ea5a-41ad-aeed-edbad97338c6 HTTP/1.1
upgrade: websocket
connection: upgrade
sec-websocket-key: bVircEpUtgwOIORx7AjNNg==
sec-websocket-version: 13
origin: http://localhost:62474
host: localhost:62474
accept: */*
user-agent: AHC/2.1

Response DefaultHttpResponse(decodeResult: success, version: HTTP/1.1)
HTTP/1.1 101 WebSocket Protocol Handshake
Upgrade: WebSocket
Connection: Upgrade
Sec-WebSocket-Accept: OAIHWliU7QS5J6rCzOL/JCbKctc=

[FATAL] 2022-08-15 16:37:14.206 [main] StepDef - Setup1 executed...
[INFO ] 2022-08-15 16:37:14.213 [main] StepDef - chrome browser launched
[DEBUG] Using pooled Channel '[id: 0x1485b1b0, L:/127.0.0.1:62473 - R:localhost/127.0.0.1:61176]' for 'POST' to 'http://localhost:61176/session/a6c224c47d36b4e45c05ab9661e40225/url'
[DEBUG] Using open Channel [id: 0x1485b1b0, L:/127.0.0.1:62473 - R:localhost/127.0.0.1:61176] for POST '/session/a6c224c47d36b4e45c05ab9661e40225/url'
[DEBUG] Entry count for : http://localhost:62474 : 1
[DEBUG] Entry count for : http://localhost:62474 : 1
[DEBUG] 

Request DefaultHttpRequest(decodeResult: success, version: HTTP/1.1)
POST /session/a6c224c47d36b4e45c05ab9661e40225/url HTTP/1.1
User-Agent: selenium/4.2.1 (java windows)
Content-Length: 69
Content-Type: application/json; charset=utf-8
host: localhost:61176
accept: */*

Response DefaultHttpResponse(decodeResult: success, version: HTTP/1.1)
HTTP/1.1 200 OK
Content-Type: application/json; charset=utf-8
cache-control: no-cache
content-length: 14

[DEBUG] Adding key: http://localhost:61176 for channel [id: 0x1485b1b0, L:/127.0.0.1:62473 - R:localhost/127.0.0.1:61176]
[INFO ] 2022-08-15 16:37:16.398 [main] StepDef - url opened
[DEBUG] Using pooled Channel '[id: 0x1485b1b0, L:/127.0.0.1:62473 - R:localhost/127.0.0.1:61176]' for 'POST' to 'http://localhost:61176/session/a6c224c47d36b4e45c05ab9661e40225/element'
[DEBUG] Using open Channel [id: 0x1485b1b0, L:/127.0.0.1:62473 - R:localhost/127.0.0.1:61176] for POST '/session/a6c224c47d36b4e45c05ab9661e40225/element'
[DEBUG] 

Request DefaultHttpRequest(decodeResult: success, version: HTTP/1.1)
POST /session/a6c224c47d36b4e45c05ab9661e40225/element HTTP/1.1
User-Agent: selenium/4.2.1 (java windows)
Content-Length: 50
Content-Type: application/json; charset=utf-8
host: localhost:61176
accept: */*

Response DefaultHttpResponse(decodeResult: success, version: HTTP/1.1)
HTTP/1.1 200 OK
Content-Type: application/json; charset=utf-8
cache-control: no-cache
content-length: 88

[DEBUG] Adding key: http://localhost:61176 for channel [id: 0x1485b1b0, L:/127.0.0.1:62473 - R:localhost/127.0.0.1:61176]
[DEBUG] Using pooled Channel '[id: 0x1485b1b0, L:/127.0.0.1:62473 - R:localhost/127.0.0.1:61176]' for 'POST' to 'http://localhost:61176/session/a6c224c47d36b4e45c05ab9661e40225/element/bd3bdb8a-8292-4133-b6b8-8f53558c5d7a/clear'
[DEBUG] Using open Channel [id: 0x1485b1b0, L:/127.0.0.1:62473 - R:localhost/127.0.0.1:61176] for POST '/session/a6c224c47d36b4e45c05ab9661e40225/element/bd3bdb8a-8292-4133-b6b8-8f53558c5d7a/clear'
[DEBUG] 

Request DefaultHttpRequest(decodeResult: success, version: HTTP/1.1)
POST /session/a6c224c47d36b4e45c05ab9661e40225/element/bd3bdb8a-8292-4133-b6b8-8f53558c5d7a/clear HTTP/1.1
User-Agent: selenium/4.2.1 (java windows)
Content-Length: 50
Content-Type: application/json; charset=utf-8
host: localhost:61176
accept: */*

Response DefaultHttpResponse(decodeResult: success, version: HTTP/1.1)
HTTP/1.1 200 OK
Content-Type: application/json; charset=utf-8
cache-control: no-cache
content-length: 14

[DEBUG] Adding key: http://localhost:61176 for channel [id: 0x1485b1b0, L:/127.0.0.1:62473 - R:localhost/127.0.0.1:61176]
[DEBUG] Using pooled Channel '[id: 0x1485b1b0, L:/127.0.0.1:62473 - R:localhost/127.0.0.1:61176]' for 'POST' to 'http://localhost:61176/session/a6c224c47d36b4e45c05ab9661e40225/element'
[DEBUG] Using open Channel [id: 0x1485b1b0, L:/127.0.0.1:62473 - R:localhost/127.0.0.1:61176] for POST '/session/a6c224c47d36b4e45c05ab9661e40225/element'
[DEBUG] 

Request DefaultHttpRequest(decodeResult: success, version: HTTP/1.1)
POST /session/a6c224c47d36b4e45c05ab9661e40225/element HTTP/1.1
User-Agent: selenium/4.2.1 (java windows)
Content-Length: 50
Content-Type: application/json; charset=utf-8
host: localhost:61176
accept: */*

Response DefaultHttpResponse(decodeResult: success, version: HTTP/1.1)
HTTP/1.1 200 OK
Content-Type: application/json; charset=utf-8
cache-control: no-cache
content-length: 88

[DEBUG] Adding key: http://localhost:61176 for channel [id: 0x1485b1b0, L:/127.0.0.1:62473 - R:localhost/127.0.0.1:61176]
[DEBUG] Using pooled Channel '[id: 0x1485b1b0, L:/127.0.0.1:62473 - R:localhost/127.0.0.1:61176]' for 'POST' to 'http://localhost:61176/session/a6c224c47d36b4e45c05ab9661e40225/element/bd3bdb8a-8292-4133-b6b8-8f53558c5d7a/value'
[DEBUG] Using open Channel [id: 0x1485b1b0, L:/127.0.0.1:62473 - R:localhost/127.0.0.1:61176] for POST '/session/a6c224c47d36b4e45c05ab9661e40225/element/bd3bdb8a-8292-4133-b6b8-8f53558c5d7a/value'
[DEBUG] 

Request DefaultHttpRequest(decodeResult: success, version: HTTP/1.1)
POST /session/a6c224c47d36b4e45c05ab9661e40225/element/bd3bdb8a-8292-4133-b6b8-8f53558c5d7a/value HTTP/1.1
User-Agent: selenium/4.2.1 (java windows)
Content-Length: 271
Content-Type: application/json; charset=utf-8
host: localhost:61176
accept: */*

Response DefaultHttpResponse(decodeResult: success, version: HTTP/1.1)
HTTP/1.1 200 OK
Content-Type: application/json; charset=utf-8
cache-control: no-cache
content-length: 14

[DEBUG] Adding key: http://localhost:61176 for channel [id: 0x1485b1b0, L:/127.0.0.1:62473 - R:localhost/127.0.0.1:61176]
[DEBUG] Using pooled Channel '[id: 0x1485b1b0, L:/127.0.0.1:62473 - R:localhost/127.0.0.1:61176]' for 'POST' to 'http://localhost:61176/session/a6c224c47d36b4e45c05ab9661e40225/element'
[DEBUG] Using open Channel [id: 0x1485b1b0, L:/127.0.0.1:62473 - R:localhost/127.0.0.1:61176] for POST '/session/a6c224c47d36b4e45c05ab9661e40225/element'
[DEBUG] 

Request DefaultHttpRequest(decodeResult: success, version: HTTP/1.1)
POST /session/a6c224c47d36b4e45c05ab9661e40225/element HTTP/1.1
User-Agent: selenium/4.2.1 (java windows)
Content-Length: 53
Content-Type: application/json; charset=utf-8
host: localhost:61176
accept: */*

Response DefaultHttpResponse(decodeResult: success, version: HTTP/1.1)
HTTP/1.1 200 OK
Content-Type: application/json; charset=utf-8
cache-control: no-cache
content-length: 88

[DEBUG] Adding key: http://localhost:61176 for channel [id: 0x1485b1b0, L:/127.0.0.1:62473 - R:localhost/127.0.0.1:61176]
[DEBUG] Using pooled Channel '[id: 0x1485b1b0, L:/127.0.0.1:62473 - R:localhost/127.0.0.1:61176]' for 'POST' to 'http://localhost:61176/session/a6c224c47d36b4e45c05ab9661e40225/element/228d6ac9-bc57-44bd-8afb-3138b8ec7856/clear'
[DEBUG] Using open Channel [id: 0x1485b1b0, L:/127.0.0.1:62473 - R:localhost/127.0.0.1:61176] for POST '/session/a6c224c47d36b4e45c05ab9661e40225/element/228d6ac9-bc57-44bd-8afb-3138b8ec7856/clear'
[DEBUG] 

Request DefaultHttpRequest(decodeResult: success, version: HTTP/1.1)
POST /session/a6c224c47d36b4e45c05ab9661e40225/element/228d6ac9-bc57-44bd-8afb-3138b8ec7856/clear HTTP/1.1
User-Agent: selenium/4.2.1 (java windows)
Content-Length: 50
Content-Type: application/json; charset=utf-8
host: localhost:61176
accept: */*

Response DefaultHttpResponse(decodeResult: success, version: HTTP/1.1)
HTTP/1.1 200 OK
Content-Type: application/json; charset=utf-8
cache-control: no-cache
content-length: 14

[DEBUG] Adding key: http://localhost:61176 for channel [id: 0x1485b1b0, L:/127.0.0.1:62473 - R:localhost/127.0.0.1:61176]
[DEBUG] Using pooled Channel '[id: 0x1485b1b0, L:/127.0.0.1:62473 - R:localhost/127.0.0.1:61176]' for 'POST' to 'http://localhost:61176/session/a6c224c47d36b4e45c05ab9661e40225/element'
[DEBUG] Using open Channel [id: 0x1485b1b0, L:/127.0.0.1:62473 - R:localhost/127.0.0.1:61176] for POST '/session/a6c224c47d36b4e45c05ab9661e40225/element'
[DEBUG] 

Request DefaultHttpRequest(decodeResult: success, version: HTTP/1.1)
POST /session/a6c224c47d36b4e45c05ab9661e40225/element HTTP/1.1
User-Agent: selenium/4.2.1 (java windows)
Content-Length: 53
Content-Type: application/json; charset=utf-8
host: localhost:61176
accept: */*

Response DefaultHttpResponse(decodeResult: success, version: HTTP/1.1)
HTTP/1.1 200 OK
Content-Type: application/json; charset=utf-8
cache-control: no-cache
content-length: 88

[DEBUG] Adding key: http://localhost:61176 for channel [id: 0x1485b1b0, L:/127.0.0.1:62473 - R:localhost/127.0.0.1:61176]
[DEBUG] Using pooled Channel '[id: 0x1485b1b0, L:/127.0.0.1:62473 - R:localhost/127.0.0.1:61176]' for 'POST' to 'http://localhost:61176/session/a6c224c47d36b4e45c05ab9661e40225/element/228d6ac9-bc57-44bd-8afb-3138b8ec7856/value'
[DEBUG] Using open Channel [id: 0x1485b1b0, L:/127.0.0.1:62473 - R:localhost/127.0.0.1:61176] for POST '/session/a6c224c47d36b4e45c05ab9661e40225/element/228d6ac9-bc57-44bd-8afb-3138b8ec7856/value'
[DEBUG] 

Request DefaultHttpRequest(decodeResult: success, version: HTTP/1.1)
POST /session/a6c224c47d36b4e45c05ab9661e40225/element/228d6ac9-bc57-44bd-8afb-3138b8ec7856/value HTTP/1.1
User-Agent: selenium/4.2.1 (java windows)
Content-Length: 131
Content-Type: application/json; charset=utf-8
host: localhost:61176
accept: */*

Response DefaultHttpResponse(decodeResult: success, version: HTTP/1.1)
HTTP/1.1 200 OK
Content-Type: application/json; charset=utf-8
cache-control: no-cache
content-length: 14

[DEBUG] Adding key: http://localhost:61176 for channel [id: 0x1485b1b0, L:/127.0.0.1:62473 - R:localhost/127.0.0.1:61176]
[INFO ] 2022-08-15 16:37:16.823 [main] StepDef - email address and password entered
[DEBUG] Using pooled Channel '[id: 0x1485b1b0, L:/127.0.0.1:62473 - R:localhost/127.0.0.1:61176]' for 'POST' to 'http://localhost:61176/session/a6c224c47d36b4e45c05ab9661e40225/element'
[DEBUG] Using open Channel [id: 0x1485b1b0, L:/127.0.0.1:62473 - R:localhost/127.0.0.1:61176] for POST '/session/a6c224c47d36b4e45c05ab9661e40225/element'
[DEBUG] 

Request DefaultHttpRequest(decodeResult: success, version: HTTP/1.1)
POST /session/a6c224c47d36b4e45c05ab9661e40225/element HTTP/1.1
User-Agent: selenium/4.2.1 (java windows)
Content-Length: 87
Content-Type: application/json; charset=utf-8
host: localhost:61176
accept: */*

Response DefaultHttpResponse(decodeResult: success, version: HTTP/1.1)
HTTP/1.1 200 OK
Content-Type: application/json; charset=utf-8
cache-control: no-cache
content-length: 88

[DEBUG] Adding key: http://localhost:61176 for channel [id: 0x1485b1b0, L:/127.0.0.1:62473 - R:localhost/127.0.0.1:61176]
[DEBUG] Using pooled Channel '[id: 0x1485b1b0, L:/127.0.0.1:62473 - R:localhost/127.0.0.1:61176]' for 'POST' to 'http://localhost:61176/session/a6c224c47d36b4e45c05ab9661e40225/element/5bf56a69-0ad4-4d07-a1a3-17e98428e405/click'
[DEBUG] Using open Channel [id: 0x1485b1b0, L:/127.0.0.1:62473 - R:localhost/127.0.0.1:61176] for POST '/session/a6c224c47d36b4e45c05ab9661e40225/element/5bf56a69-0ad4-4d07-a1a3-17e98428e405/click'
[DEBUG] Entry count for : http://localhost:62474 : 1
[DEBUG] Entry count for : http://localhost:62474 : 1
[DEBUG] Entry count for : http://localhost:62474 : 1
[DEBUG] 

Request DefaultHttpRequest(decodeResult: success, version: HTTP/1.1)
POST /session/a6c224c47d36b4e45c05ab9661e40225/element/5bf56a69-0ad4-4d07-a1a3-17e98428e405/click HTTP/1.1
User-Agent: selenium/4.2.1 (java windows)
Content-Length: 50
Content-Type: application/json; charset=utf-8
host: localhost:61176
accept: */*

Response DefaultHttpResponse(decodeResult: success, version: HTTP/1.1)
HTTP/1.1 200 OK
Content-Type: application/json; charset=utf-8
cache-control: no-cache
content-length: 14

[DEBUG] Adding key: http://localhost:61176 for channel [id: 0x1485b1b0, L:/127.0.0.1:62473 - R:localhost/127.0.0.1:61176]
[INFO ] 2022-08-15 16:37:20.151 [main] StepDef - Clicked on login button
[DEBUG] Using pooled Channel '[id: 0x1485b1b0, L:/127.0.0.1:62473 - R:localhost/127.0.0.1:61176]' for 'GET' to 'http://localhost:61176/session/a6c224c47d36b4e45c05ab9661e40225/title'
[DEBUG] Using open Channel [id: 0x1485b1b0, L:/127.0.0.1:62473 - R:localhost/127.0.0.1:61176] for GET '/session/a6c224c47d36b4e45c05ab9661e40225/title'
[DEBUG] 

Request DefaultFullHttpRequest(decodeResult: success, version: HTTP/1.1, content: EmptyByteBufBE)
GET /session/a6c224c47d36b4e45c05ab9661e40225/title HTTP/1.1
User-Agent: selenium/4.2.1 (java windows)
Cache-Control: no-cache
Content-Type: application/json; charset=utf-8
host: localhost:61176
accept: */*

Response DefaultHttpResponse(decodeResult: success, version: HTTP/1.1)
HTTP/1.1 200 OK
Content-Type: application/json; charset=utf-8
cache-control: no-cache
content-length: 50

[DEBUG] Adding key: http://localhost:61176 for channel [id: 0x1485b1b0, L:/127.0.0.1:62473 - R:localhost/127.0.0.1:61176]
[DEBUG] Entry count for : http://localhost:61176 : 1
[DEBUG] Entry count for : http://localhost:62474 : 1
[WARN ] 2022-08-15 16:37:20.166 [main] StepDef - Test passed: Login feature :Page title matched.
[DEBUG] Using pooled Channel '[id: 0x1485b1b0, L:/127.0.0.1:62473 - R:localhost/127.0.0.1:61176]' for 'POST' to 'http://localhost:61176/session/a6c224c47d36b4e45c05ab9661e40225/element'
[DEBUG] Using open Channel [id: 0x1485b1b0, L:/127.0.0.1:62473 - R:localhost/127.0.0.1:61176] for POST '/session/a6c224c47d36b4e45c05ab9661e40225/element'
[DEBUG] 

Request DefaultHttpRequest(decodeResult: success, version: HTTP/1.1)
POST /session/a6c224c47d36b4e45c05ab9661e40225/element HTTP/1.1
User-Agent: selenium/4.2.1 (java windows)
Content-Length: 47
Content-Type: application/json; charset=utf-8
host: localhost:61176
accept: */*

Response DefaultHttpResponse(decodeResult: success, version: HTTP/1.1)
HTTP/1.1 200 OK
Content-Type: application/json; charset=utf-8
cache-control: no-cache
content-length: 88

[DEBUG] Adding key: http://localhost:61176 for channel [id: 0x1485b1b0, L:/127.0.0.1:62473 - R:localhost/127.0.0.1:61176]
[DEBUG] Using pooled Channel '[id: 0x1485b1b0, L:/127.0.0.1:62473 - R:localhost/127.0.0.1:61176]' for 'POST' to 'http://localhost:61176/session/a6c224c47d36b4e45c05ab9661e40225/element/77abadf5-a44e-4c9c-a10e-880fefe32a0e/click'
[DEBUG] Using open Channel [id: 0x1485b1b0, L:/127.0.0.1:62473 - R:localhost/127.0.0.1:61176] for POST '/session/a6c224c47d36b4e45c05ab9661e40225/element/77abadf5-a44e-4c9c-a10e-880fefe32a0e/click'
[DEBUG] Entry count for : http://localhost:62474 : 1
[DEBUG] 

Request DefaultHttpRequest(decodeResult: success, version: HTTP/1.1)
POST /session/a6c224c47d36b4e45c05ab9661e40225/element/77abadf5-a44e-4c9c-a10e-880fefe32a0e/click HTTP/1.1
User-Agent: selenium/4.2.1 (java windows)
Content-Length: 50
Content-Type: application/json; charset=utf-8
host: localhost:61176
accept: */*

Response DefaultHttpResponse(decodeResult: success, version: HTTP/1.1)
HTTP/1.1 400 Bad Request
Content-Type: application/json; charset=utf-8
cache-control: no-cache
content-length: 1296

[DEBUG] Adding key: http://localhost:61176 for channel [id: 0x1485b1b0, L:/127.0.0.1:62473 - R:localhost/127.0.0.1:61176]
Tear Down method executed..
[DEBUG] Using pooled Channel '[id: 0x1485b1b0, L:/127.0.0.1:62473 - R:localhost/127.0.0.1:61176]' for 'GET' to 'http://localhost:61176/session/a6c224c47d36b4e45c05ab9661e40225/screenshot'
[DEBUG] Using open Channel [id: 0x1485b1b0, L:/127.0.0.1:62473 - R:localhost/127.0.0.1:61176] for GET '/session/a6c224c47d36b4e45c05ab9661e40225/screenshot'
[DEBUG] 

Request DefaultFullHttpRequest(decodeResult: success, version: HTTP/1.1, content: EmptyByteBufBE)
GET /session/a6c224c47d36b4e45c05ab9661e40225/screenshot HTTP/1.1
User-Agent: selenium/4.2.1 (java windows)
Cache-Control: no-cache
Content-Type: application/json; charset=utf-8
host: localhost:61176
accept: */*

Response DefaultHttpResponse(decodeResult: success, version: HTTP/1.1)
HTTP/1.1 200 OK
Content-Type: application/json; charset=utf-8
cache-control: no-cache
content-length: 187308

[DEBUG] Adding key: http://localhost:61176 for channel [id: 0x1485b1b0, L:/127.0.0.1:62473 - R:localhost/127.0.0.1:61176]
[DEBUG] Using pooled Channel '[id: 0x1485b1b0, L:/127.0.0.1:62473 - R:localhost/127.0.0.1:61176]' for 'DELETE' to 'http://localhost:61176/session/a6c224c47d36b4e45c05ab9661e40225'
[DEBUG] Using open Channel [id: 0x1485b1b0, L:/127.0.0.1:62473 - R:localhost/127.0.0.1:61176] for DELETE '/session/a6c224c47d36b4e45c05ab9661e40225'
[DEBUG] Channel Closed: [id: 0xa8628586, L:/127.0.0.1:62482 ! R:localhost/127.0.0.1:62474] with attribute NettyResponseFuture{currentRetry=0,
	isDone=1,
	isCancelled=0,
	asyncHandler=org.asynchttpclient.ws.WebSocketUpgradeHandler@79d96d06,
	nettyRequest=org.asynchttpclient.netty.request.NettyRequest@59bcd584,
	future=java.util.concurrent.CompletableFuture@5f0af0a1[Completed normally],
	uri=ws://localhost:62474/devtools/browser/e1df7f2b-ea5a-41ad-aeed-edbad97338c6,
	keepAlive=true,
	redirectCount=0,
	timeoutsHolder=null,
	inAuth=0,
	touch=1660561634195}
[DEBUG] Closing Channel [id: 0xa8628586, L:/127.0.0.1:62482 ! R:localhost/127.0.0.1:62474] 
[DEBUG] Unexpected I/O exception on channel [id: 0xf6711760, L:/127.0.0.1:62481 - R:localhost/127.0.0.1:62474]
java.net.SocketException: Connection reset
	at java.base/sun.nio.ch.SocketChannelImpl.throwConnectionReset(SocketChannelImpl.java:394) ~[na:na]
	at java.base/sun.nio.ch.SocketChannelImpl.read(SocketChannelImpl.java:426) ~[na:na]
	at io.netty.buffer.PooledByteBuf.setBytes(PooledByteBuf.java:258) ~[netty-buffer-4.1.77.Final.jar:4.1.77.Final]
	at io.netty.buffer.AbstractByteBuf.writeBytes(AbstractByteBuf.java:1132) ~[netty-buffer-4.1.77.Final.jar:4.1.77.Final]
	at io.netty.channel.socket.nio.NioSocketChannel.doReadBytes(NioSocketChannel.java:357) ~[netty-transport-4.1.77.Final.jar:4.1.77.Final]
	at io.netty.channel.nio.AbstractNioByteChannel$NioByteUnsafe.read(AbstractNioByteChannel.java:151) ~[netty-transport-4.1.77.Final.jar:4.1.77.Final]
	at io.netty.channel.nio.NioEventLoop.processSelectedKey(NioEventLoop.java:722) ~[netty-transport-4.1.77.Final.jar:4.1.77.Final]
	at io.netty.channel.nio.NioEventLoop.processSelectedKeysOptimized(NioEventLoop.java:658) ~[netty-transport-4.1.77.Final.jar:4.1.77.Final]
	at io.netty.channel.nio.NioEventLoop.processSelectedKeys(NioEventLoop.java:584) ~[netty-transport-4.1.77.Final.jar:4.1.77.Final]
	at io.netty.channel.nio.NioEventLoop.run(NioEventLoop.java:496) ~[netty-transport-4.1.77.Final.jar:4.1.77.Final]
	at io.netty.util.concurrent.SingleThreadEventExecutor$4.run(SingleThreadEventExecutor.java:995) ~[netty-common-4.1.77.Final.jar:4.1.77.Final]
	at io.netty.util.internal.ThreadExecutorMap$2.run(ThreadExecutorMap.java:74) ~[netty-common-4.1.77.Final.jar:4.1.77.Final]
	at io.netty.util.concurrent.FastThreadLocalRunnable.run(FastThreadLocalRunnable.java:30) ~[netty-common-4.1.77.Final.jar:4.1.77.Final]
	at java.base/java.lang.Thread.run(Thread.java:833) ~[na:na]
[DEBUG] Closing Channel [id: 0xf6711760, L:/127.0.0.1:62481 - R:localhost/127.0.0.1:62474] 
[DEBUG] Channel Closed: [id: 0xf6711760, L:/127.0.0.1:62481 ! R:localhost/127.0.0.1:62474] with attribute DISCARD
[DEBUG] 

Request DefaultFullHttpRequest(decodeResult: success, version: HTTP/1.1, content: EmptyByteBufBE)
DELETE /session/a6c224c47d36b4e45c05ab9661e40225 HTTP/1.1
User-Agent: selenium/4.2.1 (java windows)
Content-Type: application/json; charset=utf-8
host: localhost:61176
accept: */*

Response DefaultHttpResponse(decodeResult: success, version: HTTP/1.1)
HTTP/1.1 200 OK
Content-Type: application/json; charset=utf-8
cache-control: no-cache
content-length: 14

[DEBUG] Adding key: http://localhost:61176 for channel [id: 0x1485b1b0, L:/127.0.0.1:62473 - R:localhost/127.0.0.1:61176]
[DEBUG] Channel Closed: [id: 0x1485b1b0, L:/127.0.0.1:62473 ! R:localhost/127.0.0.1:61176] with attribute DISCARD
]]></system-out>
    <system-err><![CDATA[Starting ChromeDriver 104.0.5112.79 (3cf3e8c8a07d104b9e1260c910efb8f383285dc5-refs/branch-heads/5112@{#1307}) on port 61176
Only local connections are allowed.
Please see https://chromedriver.chromium.org/security-considerations for suggestions on keeping ChromeDriver safe.
ChromeDriver was started successfully.
Aug 15, 2022 4:37:14 PM org.openqa.selenium.remote.ProtocolHandshake createSession
INFO: Detected upstream dialect: W3C
Aug 15, 2022 4:37:14 PM org.openqa.selenium.devtools.CdpVersionFinder findNearestMatch
WARNING: Unable to find an exact match for CDP version 104, so returning the closest version found: 102
Aug 15, 2022 4:37:14 PM org.openqa.selenium.devtools.CdpVersionFinder findNearestMatch
INFO: Found CDP implementation for version 104 of 102
java.io.IOException: Cannot create directory 'C:\Users\prach\Desktop\CodeStudio\CucumberFramework\Screenshot'.
	at org.apache.commons.io.FileUtils.mkdirs(FileUtils.java:2200)
	at org.apache.commons.io.FileUtils.createParentDirectories(FileUtils.java:1113)
	at org.apache.commons.io.FileUtils.copyFile(FileUtils.java:843)
	at org.apache.commons.io.FileUtils.copyFile(FileUtils.java:756)
	at StepDefinition.StepDef.teardown(StepDef.java:358)
	at java.base/jdk.internal.reflect.NativeMethodAccessorImpl.invoke0(Native Method)
	at java.base/jdk.internal.reflect.NativeMethodAccessorImpl.invoke(NativeMethodAccessorImpl.java:77)
	at java.base/jdk.internal.reflect.DelegatingMethodAccessorImpl.invoke(DelegatingMethodAccessorImpl.java:43)
	at java.base/java.lang.reflect.Method.invoke(Method.java:568)
	at io.cucumber.java.Invoker.doInvoke(Invoker.java:66)
	at io.cucumber.java.Invoker.invoke(Invoker.java:24)
	at io.cucumber.java.AbstractGlueDefinition.invokeMethod(AbstractGlueDefinition.java:47)
	at io.cucumber.java.JavaHookDefinition.execute(JavaHookDefinition.java:64)
	at io.cucumber.core.runner.CoreHookDefinition.execute(CoreHookDefinition.java:46)
	at io.cucumber.core.runner.HookDefinitionMatch.runStep(HookDefinitionMatch.java:21)
	at io.cucumber.core.runner.ExecutionMode$1.execute(ExecutionMode.java:10)
	at io.cucumber.core.runner.TestStep.executeStep(TestStep.java:85)
	at io.cucumber.core.runner.TestStep.run(TestStep.java:57)
	at io.cucumber.core.runner.TestCase.run(TestCase.java:90)
	at io.cucumber.core.runner.Runner.runPickle(Runner.java:75)
	at io.cucumber.testng.TestNGCucumberRunner.lambda$runScenario$1(TestNGCucumberRunner.java:132)
	at io.cucumber.core.runtime.CucumberExecutionContext.lambda$runTestCase$5(CucumberExecutionContext.java:129)
	at io.cucumber.core.runtime.RethrowingThrowableCollector.executeAndThrow(RethrowingThrowableCollector.java:23)
	at io.cucumber.core.runtime.CucumberExecutionContext.runTestCase(CucumberExecutionContext.java:129)
	at io.cucumber.testng.TestNGCucumberRunner.runScenario(TestNGCucumberRunner.java:129)
	at io.cucumber.testng.AbstractTestNGCucumberTests.runScenario(AbstractTestNGCucumberTests.java:35)
	at java.base/jdk.internal.reflect.NativeMethodAccessorImpl.invoke0(Native Method)
	at java.base/jdk.internal.reflect.NativeMethodAccessorImpl.invoke(NativeMethodAccessorImpl.java:77)
	at java.base/jdk.internal.reflect.DelegatingMethodAccessorImpl.invoke(DelegatingMethodAccessorImpl.java:43)
	at java.base/java.lang.reflect.Method.invoke(Method.java:568)
	at org.testng.internal.MethodInvocationHelper.invokeMethod(MethodInvocationHelper.java:133)
	at org.testng.internal.TestInvoker.invokeMethod(TestInvoker.java:598)
	at org.testng.internal.TestInvoker.invokeTestMethod(TestInvoker.java:173)
	at org.testng.internal.MethodRunner.runInSequence(MethodRunner.java:46)
	at org.testng.internal.TestInvoker$MethodInvocationAgent.invoke(TestInvoker.java:824)
	at org.testng.internal.TestInvoker.invokeTestMethods(TestInvoker.java:146)
	at org.testng.internal.TestMethodWorker.invokeTestMethods(TestMethodWorker.java:146)
	at org.testng.internal.TestMethodWorker.run(TestMethodWorker.java:128)
	at java.base/java.util.ArrayList.forEach(ArrayList.java:1511)
	at org.testng.TestRunner.privateRun(TestRunner.java:794)
	at org.testng.TestRunner.run(TestRunner.java:596)
	at org.testng.SuiteRunner.runTest(SuiteRunner.java:377)
	at org.testng.SuiteRunner.runSequentially(SuiteRunner.java:371)
	at org.testng.SuiteRunner.privateRun(SuiteRunner.java:332)
	at org.testng.SuiteRunner.run(SuiteRunner.java:276)
	at org.testng.SuiteRunnerWorker.runSuite(SuiteRunnerWorker.java:53)
	at org.testng.SuiteRunnerWorker.run(SuiteRunnerWorker.java:96)
	at org.testng.TestNG.runSuitesSequentially(TestNG.java:1212)
	at org.testng.TestNG.runSuitesLocally(TestNG.java:1134)
	at org.testng.TestNG.runSuites(TestNG.java:1063)
	at org.testng.TestNG.run(TestNG.java:1031)
	at org.apache.maven.surefire.testng.TestNGExecutor.run(TestNGExecutor.java:151)
	at org.apache.maven.surefire.testng.TestNGDirectoryTestSuite.executeSingleClass(TestNGDirectoryTestSuite.java:111)
	at org.apache.maven.surefire.testng.TestNGDirectoryTestSuite.execute(TestNGDirectoryTestSuite.java:98)
	at org.apache.maven.surefire.testng.TestNGProvider.invoke(TestNGProvider.java:155)
	at org.apache.maven.surefire.booter.ForkedBooter.runSuitesInProcess(ForkedBooter.java:456)
	at org.apache.maven.surefire.booter.ForkedBooter.execute(ForkedBooter.java:169)
	at org.apache.maven.surefire.booter.ForkedBooter.run(ForkedBooter.java:595)
	at org.apache.maven.surefire.booter.ForkedBooter.main(ForkedBooter.java:581)
]]></system-err>
  </testcase>
</testsuite>